# JRE version: Java(TM) SE Runtime Environment (8.0_05-b13) (build 1.8.0_05-b13)
# Java VM: Java HotSpot(TM) 64-Bit Server VM (25.5-b02 mixed mode bsd-amd64 compressed oops)
Heap:
 PSYoungGen      total 172032K, used 49075K [0x0000000795580000, 0x00000007a1080000, 0x00000007c0000000)
  eden space 158720K, 28% used [0x0000000795580000,0x00000007981181e8,0x000000079f080000)
  from space 13312K, 33% used [0x00000007a0000000,0x00000007a0454bc8,0x00000007a0d00000)
  to   space 15872K, 0% used [0x000000079f080000,0x000000079f080000,0x00000007a0000000)
 ParOldGen       total 44544K, used 31913K [0x0000000740000000, 0x0000000742b80000, 0x0000000795580000)
  object space 44544K, 71% used [0x0000000740000000,0x0000000741f2a5a8,0x0000000742b80000)
 Metaspace       used 48993K, capacity 49496K, committed 49712K, reserved 1093632K
  class space    used 6041K, capacity 6177K, committed 6192K, reserved 1048576K
GC Heap History (10 events):
Event: 7.125 GC heap before
{Heap before GC invocations=32 (full 3):
 PSYoungGen      total 154112K, used 149350K [0x0000000795580000, 0x000000079fe00000, 0x00000007c0000000)
  eden space 146944K, 99% used [0x0000000795580000,0x000000079e43d8c8,0x000000079e500000)
  from space 7168K, 44% used [0x000000079ef00000,0x000000079f21c2f0,0x000000079f600000)
  to   space 10240K, 0% used [0x000000079e500000,0x000000079e500000,0x000000079ef00000)
 ParOldGen       total 32256K, used 21704K [0x0000000740000000, 0x0000000741f80000, 0x0000000795580000)
  object space 32256K, 67% used [0x0000000740000000,0x0000000741532138,0x0000000741f80000)
 Metaspace       used 37558K, capacity 37820K, committed 38320K, reserved 1083392K
  class space    used 4604K, capacity 4660K, committed 4784K, reserved 1048576K
Event: 7.135 GC heap after
Heap after GC invocations=32 (full 3):
 PSYoungGen      total 157184K, used 6626K [0x0000000795580000, 0x00000007a0200000, 0x00000007c0000000)
  eden space 146944K, 0% used [0x0000000795580000,0x0000000795580000,0x000000079e500000)
  from space 10240K, 64% used [0x000000079e500000,0x000000079eb78a48,0x000000079ef00000)
  to   space 10752K, 0% used [0x000000079f780000,0x000000079f780000,0x00000007a0200000)
 ParOldGen       total 32256K, used 22920K [0x0000000740000000, 0x0000000741f80000, 0x0000000795580000)
  object space 32256K, 71% used [0x0000000740000000,0x00000007416621c8,0x0000000741f80000)
 Metaspace       used 37558K, capacity 37820K, committed 38320K, reserved 1083392K
  class space    used 4604K, capacity 4660K, committed 4784K, reserved 1048576K
}
Event: 7.844 GC heap before
{Heap before GC invocations=33 (full 3):
 PSYoungGen      total 157184K, used 153570K [0x0000000795580000, 0x00000007a0200000, 0x00000007c0000000)
  eden space 146944K, 100% used [0x0000000795580000,0x000000079e500000,0x000000079e500000)
  from space 10240K, 64% used [0x000000079e500000,0x000000079eb78a48,0x000000079ef00000)
  to   space 10752K, 0% used [0x000000079f780000,0x000000079f780000,0x00000007a0200000)
 ParOldGen       total 32256K, used 22920K [0x0000000740000000, 0x0000000741f80000, 0x0000000795580000)
  object space 32256K, 71% used [0x0000000740000000,0x00000007416621c8,0x0000000741f80000)
 Metaspace       used 40177K, capacity 40416K, committed 40880K, reserved 1085440K
  class space    used 4945K, capacity 4985K, committed 5040K, reserved 1048576K
Event: 7.854 GC heap after
Heap after GC invocations=33 (full 3):
 PSYoungGen      total 165376K, used 6266K [0x0000000795580000, 0x00000007a0280000, 0x00000007c0000000)
  eden space 154624K, 0% used [0x0000000795580000,0x0000000795580000,0x000000079ec80000)
  from space 10752K, 58% used [0x000000079f780000,0x000000079fd9ea48,0x00000007a0200000)
  to   space 11264K, 0% used [0x000000079ec80000,0x000000079ec80000,0x000000079f780000)
 ParOldGen       total 32256K, used 22928K [0x0000000740000000, 0x0000000741f80000, 0x0000000795580000)
  object space 32256K, 71% used [0x0000000740000000,0x00000007416641c8,0x0000000741f80000)
 Metaspace       used 40177K, capacity 40416K, committed 40880K, reserved 1085440K
  class space    used 4945K, capacity 4985K, committed 5040K, reserved 1048576K
}
Event: 13.652 GC heap before
{Heap before GC invocations=34 (full 3):
 PSYoungGen      total 165376K, used 160890K [0x0000000795580000, 0x00000007a0280000, 0x00000007c0000000)
  eden space 154624K, 100% used [0x0000000795580000,0x000000079ec80000,0x000000079ec80000)
  from space 10752K, 58% used [0x000000079f780000,0x000000079fd9ea48,0x00000007a0200000)
  to   space 11264K, 0% used [0x000000079ec80000,0x000000079ec80000,0x000000079f780000)
 ParOldGen       total 32256K, used 22928K [0x0000000740000000, 0x0000000741f80000, 0x0000000795580000)
  object space 32256K, 71% used [0x0000000740000000,0x00000007416641c8,0x0000000741f80000)
 Metaspace       used 43894K, capacity 44294K, committed 44720K, reserved 1089536K
  class space    used 5413K, capacity 5514K, committed 5552K, reserved 1048576K
Event: 13.669 GC heap after
Heap after GC invocations=34 (full 3):
 PSYoungGen      total 165888K, used 11259K [0x0000000795580000, 0x00000007a0d00000, 0x00000007c0000000)
  eden space 154624K, 0% used [0x0000000795580000,0x0000000795580000,0x000000079ec80000)
  from space 11264K, 99% used [0x000000079ec80000,0x000000079f77eca0,0x000000079f780000)
  to   space 13312K, 0% used [0x00000007a0000000,0x00000007a0000000,0x00000007a0d00000)
 ParOldGen       total 32256K, used 24029K [0x0000000740000000, 0x0000000741f80000, 0x0000000795580000)
  object space 32256K, 74% used [0x0000000740000000,0x00000007417777a8,0x0000000741f80000)
 Metaspace       used 43894K, capacity 44294K, committed 44720K, reserved 1089536K
  class space    used 5413K, capacity 5514K, committed 5552K, reserved 1048576K
}
Event: 150.721 GC heap before
{Heap before GC invocations=35 (full 3):
 PSYoungGen      total 165888K, used 165883K [0x0000000795580000, 0x00000007a0d00000, 0x00000007c0000000)
  eden space 154624K, 100% used [0x0000000795580000,0x000000079ec80000,0x000000079ec80000)
  from space 11264K, 99% used [0x000000079ec80000,0x000000079f77eca0,0x000000079f780000)
  to   space 13312K, 0% used [0x00000007a0000000,0x00000007a0000000,0x00000007a0d00000)
 ParOldGen       total 32256K, used 24029K [0x0000000740000000, 0x0000000741f80000, 0x0000000795580000)
  object space 32256K, 74% used [0x0000000740000000,0x00000007417777a8,0x0000000741f80000)
 Metaspace       used 48563K, capacity 49020K, committed 49456K, reserved 1093632K
  class space    used 5982K, capacity 6087K, committed 6192K, reserved 1048576K
Event: 150.764 GC heap after
Heap after GC invocations=35 (full 3):
 PSYoungGen      total 172032K, used 13054K [0x0000000795580000, 0x00000007a1080000, 0x00000007c0000000)
  eden space 158720K, 0% used [0x0000000795580000,0x0000000795580000,0x000000079f080000)
  from space 13312K, 98% used [0x00000007a0000000,0x00000007a0cbfb78,0x00000007a0d00000)
  to   space 15872K, 0% used [0x000000079f080000,0x000000079f080000,0x00000007a0000000)
 ParOldGen       total 32256K, used 27993K [0x0000000740000000, 0x0000000741f80000, 0x0000000795580000)
  object space 32256K, 86% used [0x0000000740000000,0x0000000741b567f0,0x0000000741f80000)
 Metaspace       used 48563K, capacity 49020K, committed 49456K, reserved 1093632K
  class space    used 5982K, capacity 6087K, committed 6192K, reserved 1048576K
}
Event: 150.764 GC heap before
{Heap before GC invocations=36 (full 4):
 PSYoungGen      total 172032K, used 13054K [0x0000000795580000, 0x00000007a1080000, 0x00000007c0000000)
  eden space 158720K, 0% used [0x0000000795580000,0x0000000795580000,0x000000079f080000)
  from space 13312K, 98% used [0x00000007a0000000,0x00000007a0cbfb78,0x00000007a0d00000)
  to   space 15872K, 0% used [0x000000079f080000,0x000000079f080000,0x00000007a0000000)
 ParOldGen       total 32256K, used 27993K [0x0000000740000000, 0x0000000741f80000, 0x0000000795580000)
  object space 32256K, 86% used [0x0000000740000000,0x0000000741b567f0,0x0000000741f80000)
 Metaspace       used 48563K, capacity 49020K, committed 49456K, reserved 1093632K
  class space    used 5982K, capacity 6087K, committed 6192K, reserved 1048576K
Event: 151.047 GC heap after
Heap after GC invocations=36 (full 4):
 PSYoungGen      total 172032K, used 4434K [0x0000000795580000, 0x00000007a1080000, 0x00000007c0000000)
  eden space 158720K, 0% used [0x0000000795580000,0x0000000795580000,0x000000079f080000)
  from space 13312K, 33% used [0x00000007a0000000,0x00000007a0454bc8,0x00000007a0d00000)
  to   space 15872K, 0% used [0x000000079f080000,0x000000079f080000,0x00000007a0000000)
 ParOldGen       total 44544K, used 31913K [0x0000000740000000, 0x0000000742b80000, 0x0000000795580000)
  object space 44544K, 71% used [0x0000000740000000,0x0000000741f2a5a8,0x0000000742b80000)
 Metaspace       used 48559K, capacity 49014K, committed 49456K, reserved 1093632K
  class space    used 5981K, capacity 6086K, committed 6192K, reserved 1048576K
}

